<?xml version="1.0" encoding="UTF-8"?>
<testsuite time="4.003" failures="0" tests="1" name="FeatureList" >
  <testcase time="3.745" classname="FeatureList" name="Eco.setup" />
  <testcase time="0.229" classname="FeatureList" name="tf_sample.simple.feature" />
</testsuite>